library/build/intermediates/manifest_merge_blame_file/debug/manifest-merger-blame-debug-report.txt
1<?xml version="1.0" encoding="utf-8"?>
2<manifest xmlns:android="http://schemas.android.com/apk/res/android"
3    package="com.matriapp.mobile.multispinnerfilter" >
4
5    <uses-sdk
6        android:minSdkVersion="19"
6-->src\main\AndroidManifest.xml
7        android:targetSdkVersion="28" />
7-->src\main\AndroidManifest.xml
8
9    <application android:allowBackup="true" >
9-->src\main\AndroidManifest.xml:5:5-7:19
9-->src\main\AndroidManifest.xml:5:18-44
10    </application>
11
12</manifest>